[debug] [2021-12-03T07:23:32.647Z] ----------------------------------------------------------------------
[debug] [2021-12-03T07:23:32.650Z] Command:       C:\Program Files\nodejs\node.exe C:\Users\brand\AppData\Roaming\npm\node_modules\firebase-tools\lib\bin\firebase.js deploy
[debug] [2021-12-03T07:23:32.650Z] CLI Version:   9.23.0
[debug] [2021-12-03T07:23:32.650Z] Platform:      win32
[debug] [2021-12-03T07:23:32.650Z] Node Version:  v14.17.4
[debug] [2021-12-03T07:23:32.651Z] Time:          Fri Dec 03 2021 01:23:32 GMT-0600 (hora estándar central)
[debug] [2021-12-03T07:23:32.651Z] ----------------------------------------------------------------------
[debug] 
[debug] [2021-12-03T07:23:32.716Z] > command requires scopes: ["email","openid","https://www.googleapis.com/auth/cloudplatformprojects.readonly","https://www.googleapis.com/auth/firebase","https://www.googleapis.com/auth/cloud-platform"]
[debug] [2021-12-03T07:23:32.717Z] > authorizing via signed-in user (magana.brandon12@gmail.com)
[debug] [2021-12-03T07:23:32.717Z] [iam] checking project lockit-a8bd0 for permissions ["firebase.projects.get","firebasehosting.sites.update"]
[debug] [2021-12-03T07:23:32.719Z] > refreshing access token with scopes: ["email","https://www.googleapis.com/auth/cloud-platform","https://www.googleapis.com/auth/cloudplatformprojects.readonly","https://www.googleapis.com/auth/firebase","openid"]
[debug] [2021-12-03T07:23:32.719Z] >>> HTTP REQUEST POST https://www.googleapis.com/oauth2/v3/token  
 <request body omitted>
[debug] [2021-12-03T07:23:32.994Z] <<< HTTP RESPONSE 200 {"pragma":"no-cache","date":"Fri, 03 Dec 2021 07:23:37 GMT","cache-control":"no-cache, no-store, max-age=0, must-revalidate","expires":"Mon, 01 Jan 1990 00:00:00 GMT","content-type":"application/json; charset=utf-8","vary":"X-Origin, Referer, Origin,Accept-Encoding","server":"scaffolding on HTTPServer2","x-xss-protection":"0","x-frame-options":"SAMEORIGIN","x-content-type-options":"nosniff","alt-svc":"h3=\":443\"; ma=2592000,h3-29=\":443\"; ma=2592000,h3-Q050=\":443\"; ma=2592000,h3-Q046=\":443\"; ma=2592000,h3-Q043=\":443\"; ma=2592000,quic=\":443\"; ma=2592000; v=\"46,43\"","accept-ranges":"none","transfer-encoding":"chunked"}
[debug] [2021-12-03T07:23:33.024Z] >>> HTTP REQUEST POST https://cloudresourcemanager.googleapis.com/v1/projects/lockit-a8bd0:testIamPermissions  
 {"permissions":["firebase.projects.get","firebasehosting.sites.update"]}
[debug] [2021-12-03T07:23:33.561Z] <<< HTTP RESPONSE 200 {"content-type":"application/json; charset=UTF-8","vary":"X-Origin, Referer, Origin,Accept-Encoding","date":"Fri, 03 Dec 2021 07:23:38 GMT","server":"ESF","cache-control":"private","x-xss-protection":"0","x-frame-options":"SAMEORIGIN","x-content-type-options":"nosniff","server-timing":"gfet4t7; dur=207","alt-svc":"h3=\":443\"; ma=2592000,h3-29=\":443\"; ma=2592000,h3-Q050=\":443\"; ma=2592000,h3-Q046=\":443\"; ma=2592000,h3-Q043=\":443\"; ma=2592000,quic=\":443\"; ma=2592000; v=\"46,43\"","accept-ranges":"none","transfer-encoding":"chunked"}
[debug] [2021-12-03T07:23:33.566Z] > refreshing access token with scopes: []
[debug] [2021-12-03T07:23:33.566Z] >>> HTTP REQUEST POST https://www.googleapis.com/oauth2/v3/token  
 <request body omitted>
[debug] [2021-12-03T07:23:33.804Z] <<< HTTP RESPONSE 200 {"date":"Fri, 03 Dec 2021 07:23:38 GMT","cache-control":"no-cache, no-store, max-age=0, must-revalidate","pragma":"no-cache","expires":"Mon, 01 Jan 1990 00:00:00 GMT","content-type":"application/json; charset=utf-8","vary":"X-Origin, Referer, Origin,Accept-Encoding","server":"scaffolding on HTTPServer2","x-xss-protection":"0","x-frame-options":"SAMEORIGIN","x-content-type-options":"nosniff","alt-svc":"h3=\":443\"; ma=2592000,h3-29=\":443\"; ma=2592000,h3-Q050=\":443\"; ma=2592000,h3-Q046=\":443\"; ma=2592000,h3-Q043=\":443\"; ma=2592000,quic=\":443\"; ma=2592000; v=\"46,43\"","accept-ranges":"none","transfer-encoding":"chunked"}
[debug] [2021-12-03T07:23:33.827Z] >>> [apiv2][query] GET https://firebase.googleapis.com/v1beta1/projects/lockit-a8bd0 [none]
